<?xml version="1.0" encoding="UTF-8"?>
<testng-results ignored="0" total="2" passed="2" failed="0" skipped="0">
  <reporter-output>
  </reporter-output>
  <suite started-at="2025-09-15T22:25:03 IST" name="MasterSuite" finished-at="2025-09-15T22:25:19 IST" duration-ms="15348">
    <groups>
      <group name="Master">
        <method signature="TC001_AccountRegistration.AccountRegistration()[pri:0, instance:testCases.TC001_AccountRegistration@63355449]" name="AccountRegistration" class="testCases.TC001_AccountRegistration"/>
        <method signature="TC002_LoginTest.verify_LoginTest()[pri:0, instance:testCases.TC002_LoginTest@21de60b4]" name="verify_LoginTest" class="testCases.TC002_LoginTest"/>
      </group> <!-- Master -->
      <group name="Sanity">
        <method signature="TC001_AccountRegistration.AccountRegistration()[pri:0, instance:testCases.TC001_AccountRegistration@63355449]" name="AccountRegistration" class="testCases.TC001_AccountRegistration"/>
      </group> <!-- Sanity -->
      <group name="Regression">
        <method signature="TC002_LoginTest.verify_LoginTest()[pri:0, instance:testCases.TC002_LoginTest@21de60b4]" name="verify_LoginTest" class="testCases.TC002_LoginTest"/>
      </group> <!-- Regression -->
    </groups>
    <test started-at="2025-09-15T22:25:03 IST" name="Test" finished-at="2025-09-15T22:25:19 IST" duration-ms="15348">
      <class name="testCases.TC002_LoginTest">
        <test-method is-config="true" signature="setup(java.lang.String,java.lang.String)[pri:0, instance:testCases.TC002_LoginTest@21de60b4]" started-at="2025-09-15T22:25:13 IST" name="setup" finished-at="2025-09-15T22:25:16 IST" duration-ms="2359" status="PASS">
          <params>
            <param index="0">
              <value>
                <![CDATA[Windows]]>
              </value>
            </param>
            <param index="1">
              <value>
                <![CDATA[chrome]]>
              </value>
            </param>
          </params>
          <reporter-output>
          </reporter-output>
        </test-method> <!-- setup -->
        <test-method signature="verify_LoginTest()[pri:0, instance:testCases.TC002_LoginTest@21de60b4]" started-at="2025-09-15T22:25:16 IST" name="verify_LoginTest" finished-at="2025-09-15T22:25:19 IST" duration-ms="3009" status="PASS">
          <reporter-output>
          </reporter-output>
        </test-method> <!-- verify_LoginTest -->
        <test-method is-config="true" signature="tearDown()[pri:0, instance:testCases.TC002_LoginTest@21de60b4]" started-at="2025-09-15T22:25:19 IST" name="tearDown" finished-at="2025-09-15T22:25:19 IST" duration-ms="296" status="PASS">
          <reporter-output>
          </reporter-output>
        </test-method> <!-- tearDown -->
      </class> <!-- testCases.TC002_LoginTest -->
      <class name="testCases.TC001_AccountRegistration">
        <test-method is-config="true" signature="setup(java.lang.String,java.lang.String)[pri:0, instance:testCases.TC001_AccountRegistration@63355449]" started-at="2025-09-15T22:25:04 IST" name="setup" finished-at="2025-09-15T22:25:09 IST" duration-ms="4853" status="PASS">
          <params>
            <param index="0">
              <value>
                <![CDATA[Windows]]>
              </value>
            </param>
            <param index="1">
              <value>
                <![CDATA[chrome]]>
              </value>
            </param>
          </params>
          <reporter-output>
          </reporter-output>
        </test-method> <!-- setup -->
        <test-method signature="AccountRegistration()[pri:0, instance:testCases.TC001_AccountRegistration@63355449]" started-at="2025-09-15T22:25:09 IST" name="AccountRegistration" finished-at="2025-09-15T22:25:13 IST" duration-ms="3872" status="PASS">
          <reporter-output>
          </reporter-output>
        </test-method> <!-- AccountRegistration -->
        <test-method is-config="true" signature="tearDown()[pri:0, instance:testCases.TC001_AccountRegistration@63355449]" started-at="2025-09-15T22:25:13 IST" name="tearDown" finished-at="2025-09-15T22:25:13 IST" duration-ms="413" status="PASS">
          <reporter-output>
          </reporter-output>
        </test-method> <!-- tearDown -->
      </class> <!-- testCases.TC001_AccountRegistration -->
    </test> <!-- Test -->
  </suite> <!-- MasterSuite -->
</testng-results>
