<?xml version="1.0" encoding="UTF-8"?>
<testng-results ignored="0" total="4" passed="4" failed="0" skipped="0">
  <reporter-output>
  </reporter-output>
  <suite started-at="2025-09-15T20:29:37 IST" name="MasterSuite" finished-at="2025-09-15T20:30:22 IST" duration-ms="45120">
    <groups>
      <group name="Master">
        <method signature="TC001_AccountRegistration.AccountRegistration()[pri:0, instance:testCases.TC001_AccountRegistration@2b662a77]" name="AccountRegistration" class="testCases.TC001_AccountRegistration"/>
        <method signature="TC002_LoginTest.verify_LoginTest()[pri:0, instance:testCases.TC002_LoginTest@6adbc9d]" name="verify_LoginTest" class="testCases.TC002_LoginTest"/>
        <method signature="TC001_AccountRegistration.AccountRegistration()[pri:0, instance:testCases.TC001_AccountRegistration@3e694b3f]" name="AccountRegistration" class="testCases.TC001_AccountRegistration"/>
        <method signature="TC002_LoginTest.verify_LoginTest()[pri:0, instance:testCases.TC002_LoginTest@1bb5a082]" name="verify_LoginTest" class="testCases.TC002_LoginTest"/>
      </group> <!-- Master -->
      <group name="Sanity">
        <method signature="TC001_AccountRegistration.AccountRegistration()[pri:0, instance:testCases.TC001_AccountRegistration@2b662a77]" name="AccountRegistration" class="testCases.TC001_AccountRegistration"/>
        <method signature="TC001_AccountRegistration.AccountRegistration()[pri:0, instance:testCases.TC001_AccountRegistration@3e694b3f]" name="AccountRegistration" class="testCases.TC001_AccountRegistration"/>
      </group> <!-- Sanity -->
      <group name="Regression">
        <method signature="TC002_LoginTest.verify_LoginTest()[pri:0, instance:testCases.TC002_LoginTest@6adbc9d]" name="verify_LoginTest" class="testCases.TC002_LoginTest"/>
        <method signature="TC002_LoginTest.verify_LoginTest()[pri:0, instance:testCases.TC002_LoginTest@1bb5a082]" name="verify_LoginTest" class="testCases.TC002_LoginTest"/>
      </group> <!-- Regression -->
    </groups>
    <test started-at="2025-09-15T20:29:37 IST" name="chromeTest" finished-at="2025-09-15T20:29:52 IST" duration-ms="14848">
      <class name="testCases.TC002_LoginTest">
        <test-method is-config="true" signature="setup(java.lang.String,java.lang.String)[pri:0, instance:testCases.TC002_LoginTest@6adbc9d]" started-at="2025-09-15T20:29:48 IST" name="setup" finished-at="2025-09-15T20:29:49 IST" duration-ms="1506" status="PASS">
          <params>
            <param index="0">
              <value>
                <![CDATA[linux]]>
              </value>
            </param>
            <param index="1">
              <value>
                <![CDATA[chrome]]>
              </value>
            </param>
          </params>
          <reporter-output>
          </reporter-output>
        </test-method> <!-- setup -->
        <test-method signature="verify_LoginTest()[pri:0, instance:testCases.TC002_LoginTest@6adbc9d]" started-at="2025-09-15T20:29:49 IST" name="verify_LoginTest" finished-at="2025-09-15T20:29:52 IST" duration-ms="2292" status="PASS">
          <reporter-output>
          </reporter-output>
        </test-method> <!-- verify_LoginTest -->
        <test-method is-config="true" signature="tearDown()[pri:0, instance:testCases.TC002_LoginTest@6adbc9d]" started-at="2025-09-15T20:29:52 IST" name="tearDown" finished-at="2025-09-15T20:29:52 IST" duration-ms="99" status="PASS">
          <reporter-output>
          </reporter-output>
        </test-method> <!-- tearDown -->
      </class> <!-- testCases.TC002_LoginTest -->
      <class name="testCases.TC001_AccountRegistration">
        <test-method is-config="true" signature="setup(java.lang.String,java.lang.String)[pri:0, instance:testCases.TC001_AccountRegistration@2b662a77]" started-at="2025-09-15T20:29:37 IST" name="setup" finished-at="2025-09-15T20:29:45 IST" duration-ms="7543" status="PASS">
          <params>
            <param index="0">
              <value>
                <![CDATA[linux]]>
              </value>
            </param>
            <param index="1">
              <value>
                <![CDATA[chrome]]>
              </value>
            </param>
          </params>
          <reporter-output>
          </reporter-output>
        </test-method> <!-- setup -->
        <test-method signature="AccountRegistration()[pri:0, instance:testCases.TC001_AccountRegistration@2b662a77]" started-at="2025-09-15T20:29:45 IST" name="AccountRegistration" finished-at="2025-09-15T20:29:48 IST" duration-ms="3045" status="PASS">
          <reporter-output>
          </reporter-output>
        </test-method> <!-- AccountRegistration -->
        <test-method is-config="true" signature="tearDown()[pri:0, instance:testCases.TC001_AccountRegistration@2b662a77]" started-at="2025-09-15T20:29:48 IST" name="tearDown" finished-at="2025-09-15T20:29:48 IST" duration-ms="113" status="PASS">
          <reporter-output>
          </reporter-output>
        </test-method> <!-- tearDown -->
      </class> <!-- testCases.TC001_AccountRegistration -->
    </test> <!-- chromeTest -->
    <test started-at="2025-09-15T20:29:55 IST" name="firefoxTest" finished-at="2025-09-15T20:30:22 IST" duration-ms="27417">
      <class name="testCases.TC002_LoginTest">
        <test-method is-config="true" signature="setup(java.lang.String,java.lang.String)[pri:0, instance:testCases.TC002_LoginTest@1bb5a082]" started-at="2025-09-15T20:30:12 IST" name="setup" finished-at="2025-09-15T20:30:19 IST" duration-ms="7478" status="PASS">
          <params>
            <param index="0">
              <value>
                <![CDATA[linux]]>
              </value>
            </param>
            <param index="1">
              <value>
                <![CDATA[firefox]]>
              </value>
            </param>
          </params>
          <reporter-output>
          </reporter-output>
        </test-method> <!-- setup -->
        <test-method signature="verify_LoginTest()[pri:0, instance:testCases.TC002_LoginTest@1bb5a082]" started-at="2025-09-15T20:30:19 IST" name="verify_LoginTest" finished-at="2025-09-15T20:30:21 IST" duration-ms="1882" status="PASS">
          <reporter-output>
          </reporter-output>
        </test-method> <!-- verify_LoginTest -->
        <test-method is-config="true" signature="tearDown()[pri:0, instance:testCases.TC002_LoginTest@1bb5a082]" started-at="2025-09-15T20:30:21 IST" name="tearDown" finished-at="2025-09-15T20:30:22 IST" duration-ms="903" status="PASS">
          <reporter-output>
          </reporter-output>
        </test-method> <!-- tearDown -->
      </class> <!-- testCases.TC002_LoginTest -->
      <class name="testCases.TC001_AccountRegistration">
        <test-method is-config="true" signature="setup(java.lang.String,java.lang.String)[pri:0, instance:testCases.TC001_AccountRegistration@3e694b3f]" started-at="2025-09-15T20:29:55 IST" name="setup" finished-at="2025-09-15T20:30:05 IST" duration-ms="10192" status="PASS">
          <params>
            <param index="0">
              <value>
                <![CDATA[linux]]>
              </value>
            </param>
            <param index="1">
              <value>
                <![CDATA[firefox]]>
              </value>
            </param>
          </params>
          <reporter-output>
          </reporter-output>
        </test-method> <!-- setup -->
        <test-method signature="AccountRegistration()[pri:0, instance:testCases.TC001_AccountRegistration@3e694b3f]" started-at="2025-09-15T20:30:05 IST" name="AccountRegistration" finished-at="2025-09-15T20:30:11 IST" duration-ms="6144" status="PASS">
          <reporter-output>
          </reporter-output>
        </test-method> <!-- AccountRegistration -->
        <test-method is-config="true" signature="tearDown()[pri:0, instance:testCases.TC001_AccountRegistration@3e694b3f]" started-at="2025-09-15T20:30:11 IST" name="tearDown" finished-at="2025-09-15T20:30:12 IST" duration-ms="763" status="PASS">
          <reporter-output>
          </reporter-output>
        </test-method> <!-- tearDown -->
      </class> <!-- testCases.TC001_AccountRegistration -->
    </test> <!-- firefoxTest -->
  </suite> <!-- MasterSuite -->
</testng-results>
